[nltk_data] Downloading package punkt to /home/elicer/nltk_data...
[nltk_data]   Package punkt is already up-to-date!

📌 **파일**: REPORT-minute-00001-00004.json
🔹 **생성된 요약:** 김 위원은 교과위가 아이들의 미래를 열어가는 장을 만들어 낼 수 있다는 점에서 이 자리에 오기를 기대했고 그 기대가 실현될 수 있도록 최선을 다하겠다고 말했다.
🔹 **정답 요약 (summary1):** 아이들의 미래를 열어가는 장을 만들 수 있는 교과위에 오기를 기대했던 박 위원은 아이들을 위한 일에 힘을 보태고 싶다고 말했다.
🔹 **F1 Score:** 0.1837

📌 **파일**: REPORT-minute-00001-00006.json
🔹 **생성된 요약:** 이 위원은 교육과 과학기술은 국가의 미래이고 서민들의 삶을 결정짓는 매우 중요한 국가적 의제이므로 여야 가리지 않고 위원들과 협조해서 성과를 창출하겠다고 말했다.
🔹 **정답 요약 (summary1):** 이 위원은 교육과 과학이 국가의 미래이고 서민들의 삶을 결정짓는 중요한 국가적 의제이므로 여야 가리지 않고 위원들과 협조해 성과를 창출하겠다고 했다.
🔹 **F1 Score:** 0.5643

📌 **파일**: REPORT-minute-00001-00019.json
🔹 **생성된 요약:** 강 위원은 2012년 시 도 교육청 평가에서 진보 성향의 교육감을 둔 지역이 저조한 미흡 판정을 받았는데 평가 체계가 객관성과 공정성이 부족한 것인지 물었다.
🔹 **정답 요약 (summary1):** 강 위원은 진보 성향의 교육감을 둔 지역은 공교롭게도 2012년 시ㆍ도 교육청 평가에서 매우 미흡 판정을 받았다고 했다.
🔹 **F1 Score:** 0.2581

📌 **파일**: REPORT-minute-00001-00032.json
🔹 **생성된 요약:** 교육과학기술부장관 이 씨는 주5일제가 잘 정착되려면 토요일 주말에 나홀로 있는 학생들에 대한 학교 차원의 배려가 중요한데 학교 차원에서 노력을 강화할 수밖에 없다고 했다.
🔹 **정답 요약 (summary1):** 이 교육과학기술부장관은 주 5일제가 잘 정착하기 위해 학교 차원의 배려가 중요하다고 했다.
🔹 **F1 Score:** 0.1526

📌 **파일**: REPORT-minute-00001-00033.json
🔹 **생성된 요약:** 김 위원은 야당 국회의원의 작품을 교과서에서 삭제하는 것이 정치적으로 민감해질 수 있는 사안이냐고 했고 교육과학기술부장관 이 씨는 예라고 했다.
🔹 **정답 요약 (summary1):** 김 위원은 야당 국회의원인 시인 도 씨의 작품을 교과서에서 삭제하는 것은 정치적으로 굉장히 민감해지는 사안이라며 장관이 이런 결정에 대한 보고를 못 받을 리 없다고 했다.
🔹 **F1 Score:** 0.1785

📌 **파일**: REPORT-minute-00001-00038.json
🔹 **생성된 요약:** 이 교육과학기술부장관은 평가원에 대해 업무를 위탁한 기관이기 때문에 지휘 감독의 소홀한 부분에 대해 유감 표명을 했다고 말했다.
🔹 **정답 요약 (summary1):** 김 위원은 성 평가원장을 사퇴 조치해 달라고 했고 교육과학기술부장관 이 씨는 지휘 감독의 소홀한 부분에 대해 유감을 표명했다고 말했다.
🔹 **F1 Score:** 0.2501

📌 **파일**: REPORT-minute-00001-00040.json
🔹 **생성된 요약:** 이 교육과학기술부장관은 교과서는 최대한 정치적 중립성이 보장돼야 하기 때문에 검정을 하는 경우에도 위탁이 된 것이고 최대한 전문성과 독자성을 가지고 그 위탁기관이 검정을 하게 돼 있다고 했다.
🔹 **정답 요약 (summary1):** 교육과학기술부장관 이 씨는 교과서가 정치적 중립성이 최대한 보장되어야 하므로 검정을 하는 경우에도 위탁기관이 검정을 하게 되어 있다고 말했다.
🔹 **F1 Score:** 0.2111

📌 **파일**: REPORT-minute-00001-00047.json
🔹 **생성된 요약:** 박 위원이 총장 직선제를 유지하는 대학은 앞으로 정부 지원을 받을 수 없다는 메시지를 강하게 준 것이냐고 묻자 이 교육과학기술부장관은 학교의 지배 구조상 총장 직선제가 유지될 경우에 그렇다고 답했다.
🔹 **정답 요약 (summary1):** 박 위원은 대구에서 10명의 중학생들이 투신자살을 했음에도 대구교육청은 우수평가를 받아 많은 지원을 받았다며 교육청이 잘 하고 있는 것이냐고 했다.
🔹 **F1 Score:** 0.0408

📌 **파일**: REPORT-minute-00001-00054.json
🔹 **생성된 요약:** 유 위원은 이 위원이 교육과정평가원장을 간사 협의를 거쳐서 오후에 출석시키는 문제 요청을 해서 간사 협의를 거쳤는데 새누리당 측에서 출석은 찬성하지 않는 것 같다고 했다.
🔹 **정답 요약 (summary1):** 이 장관이 선관위에 위탁하게 된 과정에 대해 아는 것이 없어 위원들이 질의를 해도 답변을 못한다. 
🔹 **F1 Score:** 0.0244

📌 **파일**: REPORT-minute-00001-00063.json
🔹 **생성된 요약:** 정 위원은 출판사에 권고 공문으로 간 것은 전부 합격 딱지가 붙어 있고 1차 검정은 끝났으며 수정된 내용에 대해 수정됐느냐 안 됐느냐를 나중에 판단하는 것이고 문제 제기를 했을 때 재심사를 할 수 있는 과정이기 때문에 모든 절차는 끝났다고 봐야 한다고 했다.
🔹 **정답 요약 (summary1):** 권고 공문으로 출판사에 간 것은 합격 딱지가 붙어 있으며 수정된 것을 판단하는 것은 나중 문제이다.
🔹 **F1 Score:** 0.1423

📌 **파일**: REPORT-minute-00001-00065.json
🔹 **생성된 요약:** 이 위원은 우수한 인력을 가지고 있는 운동실기도 그런 사람들이 자기가 잘하는 것을 하기 위해 소모한 기간들을 회복할 수 있는 제도적인 부분을 검토해 달라고 했다.
🔹 **정답 요약 (summary1):** 이 위원은 청소년 문제를 해결하는 데에 체육활동이 지대한 영향을 미친다고 했다.
🔹 **F1 Score:** 0.0826

📌 **파일**: REPORT-minute-00001-00069.json
🔹 **생성된 요약:** 이 위원은 한국 사회에서 대학 진학은 필수이며 등록금이 높든 높든 80 이상이 대학에 가기 때문에 등록금이 높으면 학부모들 학생들한테 그만큼 부담만 되는 것이라고 했다.
🔹 **정답 요약 (summary1):** 교육과학기술부 장관 이 씨는 등록금이 높은 이유 중 하나가 우리 대학의 진학률이 세계적으로 가장 높은 나라로서 학령인구가 3분의 1이 주는 시기일 것이라 했다.
🔹 **F1 Score:** 0.0515

📌 **파일**: REPORT-minute-00001-00071.json
🔹 **생성된 요약:** 이 위원은 총장 직선제는 교육공무원법 24조 3항 2호에 보면 해당 대학 교원의 합의된 방식에 의해서 선정하도록 되어 있는데 이 절차에 의해서 직선을 하면 법에 맞는 것이라고 했다.
🔹 **정답 요약 (summary1):** 이 의원은 총장 직선제에 문제가 많다는 것을 인정하는 한편 법률 개정을 통해 시정을 해야 하는데 행정력으로 해결하려고 해서 부작용이 있다고 말했다.
🔹 **F1 Score:** 0.0300

📌 **파일**: REPORT-minute-00001-00087.json
🔹 **생성된 요약:** 이 교육과학기술부장관은 각 시도별로 혁신적인 아이디어를 통해 학교를 변화시키는 것은 좋지만 구체적으로 평가해서 하겠다는 차원은 아니라고 말했다.
🔹 **정답 요약 (summary1):** 김 위원은 혁신학교가 공교육 정상화를 위한 상당한 성과를 거두고 있다며 전국적으로 확대할 필요가 있다고 말했다.
🔹 **F1 Score:** 0.0450

📌 **파일**: REPORT-minute-00001-00091.json
🔹 **생성된 요약:** 이 교육과학기술부장관은 교사들을 대상으로 하는 폭력에 대해 가중처벌을 하거나 교권이 보호될 수 있는 법 개정을 추진하고 있다고 말했다.
🔹 **정답 요약 (summary1):** 이 교육과학기술부장관은 교권이 보호될 수 있도록 교사들을 대상으로 하는 폭력에는 가중처벌을 하고 학교폭력 문제에 대응해 학교폭력대책위원회에 학생을 포함하도록 검토하겠다고 했다.
🔹 **F1 Score:** 0.2186

📌 **파일**: REPORT-minute-00001-00101.json
🔹 **생성된 요약:** 현 위원은 특수학급에 성폭력 대응 핸드북을 제작 배포한 것이 시각장애인과 정신지체 학생에게도 똑같이 배부가 된 것에 대해 어떻게 생각하는지 물었다.
🔹 **정답 요약 (summary1):** 현 위원은 시각장애인과 정신지체 학생에게 성폭력 대응 핸드북을 똑같이 제작 · 배포하는 것은 문제라고 했다.
🔹 **F1 Score:** 0.2074

📌 **파일**: REPORT-minute-00001-00112.json
🔹 **생성된 요약:** 유 위원은 이 장관과 17대 국회 4년간 교육위에서 같이 일을 했는데 이 정부의 교육정책을 대표하는 입장에서 장관직을 수행해 왔는데 실망을 느낄 수밖에 없었다고 했다.
🔹 **정답 요약 (summary1):** 유 위원은 이 장관과 개인적으로 가까운 사이임에도 불구하고 위원들 질의에 대한 답변 같은 것을 보며 실망을 느꼈다고 했다.
🔹 **F1 Score:** 0.1653

📌 **파일**: REPORT-minute-00001-00114.json
🔹 **생성된 요약:** 교육과학기술부장관 이 씨는 교육정책을 추진할 때 정쟁적인 부분과 이념적인 부분을 배제하고 교육의 본질에 충실하려고 노력해 왔다고 했다.
🔹 **정답 요약 (summary1):** 교육과학기술부 장관 이 씨가 교육정책을 추진할 때 교육의 본질에 충실하려 노력했고 평가는 지표 중심이라고 했다. 
🔹 **F1 Score:** 0.1968

📌 **파일**: REPORT-minute-00001-00115.json
🔹 **생성된 요약:** 이 교육과학기술부장관은 학업성취도평가는 뒤처진 아이들에 대한 배려와 보조교육을 위해 지원하는 통계자료로 더 많이 활용하고 있으며 그 결과 기초학력 미달 학생이 3년 만에 상당히 줄어들었다고 했다.
🔹 **정답 요약 (summary1):** 교육과학기술부 장관 이 씨는 학업성취도평가를 보조교육을 위한 통계자료로 활용하고 있다고 했고 이에 유 위원은 국민들의 정치의식을 조사하려고 전수조사할 필요는 없다고 했다.
🔹 **F1 Score:** 0.0734

📌 **파일**: REPORT-minute-00001-00120.json
🔹 **생성된 요약:** 이 교육과학기술부장관은 정부재정 지원을 늘려서라도 교과서에 대한 지원을 강화하는 등 폭넓게 고민하고 있으며 교과서 가격 부분에 대해서는 학부모의 부담을 덜어 주는 방향으로 정리하겠다고 했다.
🔹 **정답 요약 (summary1):** 교과서에 대한 지원을 강화한다는 이 교육과학기술부장관의 말에 박 위원은 학부모의 부담을 덜어 주는 방향으로 정리해 달라고 말했다.
🔹 **F1 Score:** 0.2678

📌 **파일**: REPORT-minute-00001-00140.json
🔹 **생성된 요약:** 유 위원은 다른 교육 관련 단체에서 평가하다 보면 교과부에서 평가한 것과 정반대로 평가 결과가 나오는 것을 봤냐고 했고 교육과학기술부장관 이 씨는 그렇게 하겠다고 했다.
🔹 **정답 요약 (summary1):** 서울·경기와 전북의 재해대책 특별교부금이 16억 원인데 충남과 경북은 130억이라 다시 한번 재고를 해야 한다고 생각한다.
🔹 **F1 Score:** 0.0122

📌 **파일**: REPORT-minute-00001-00149.json
🔹 **생성된 요약:** 정 위원이 수원여대 감사 연장이 되었다는 이야기를 들었는데 사실인지 묻자 교육과학기술부감사관 박 씨는 맞다고 답했다.
🔹 **정답 요약 (summary1):** 정 위원은 수원여대 감사를 진행 중인 교육과학기술부 감사관에게 감사 연장의 경위를 잘 아는 만큼 감사에 만전을 기해달라고 했다. 
🔹 **F1 Score:** 0.0571

📌 **파일**: REPORT-minute-00001-00156.json
🔹 **생성된 요약:** 김 위원은 비리를 저지르고 퇴장당했던 재단들이 사분위의 결정에 의해 다시 복귀하고 있는 것이 상식적으로 보면 맞냐고 했다.
🔹 **정답 요약 (summary1):** 김 위원은 비리를 저지르고 퇴장했던 재단들이 사분위의 결정에 의해 속속들이 복귀하는 것이 상식적으로 맞는 것이냐고 했다.
🔹 **F1 Score:** 0.3916

📌 **파일**: REPORT-minute-00001-00159.json
🔹 **생성된 요약:** 이 교육과학기술부장관은 정상화 심의 원칙에 따라 과반의 추천권을 준 것이지만 구재단 측 정이사 숫자가 과반이 넘는다고 했다.
🔹 **정답 요약 (summary1):** 이 교육과학기술부장관은 공금 유용을 하는 비리재단이 들어와 문제가 되고 있는 학교를 철저히 징계해야 하지만 사학의 본질에 자주성이 있다고 했다.
🔹 **F1 Score:** 0.0804

📌 **파일**: REPORT-minute-00001-00170.json
🔹 **생성된 요약:** 김 위원은 경기대의 경우 상지대도 엽기적이지만 경기대 구재단은 입시 부정 교비 불법 유출 법인 운영자금 횡령 등은 기본이라고 했다.
🔹 **정답 요약 (summary1):** 김 위원은 국민들이 지탄하는 비리재단에 대학을 돌려주는 결정을 하지 못하도록 제동을 걸어달라고 했다.
🔹 **F1 Score:** 0.0901

📌 **파일**: REPORT-minute-00001-00171.json
🔹 **생성된 요약:** 김 위원은 정이사 선임 원칙에 도덕적으로 문제가 있는 경우에는 예외로 하도록 되어 있는데도 불구하고 장관은 계속 방관하고 있다고 말했다.
🔹 **정답 요약 (summary1):** 김 위원은 원칙을 보면 정말 도덕적으로 문제가 있는 경우에는 예외를 하는 예외규정이 있는데 그런 경우에는 종전이사에게 이사 추천권을 주지 않아도 된다고 했다.
🔹 **F1 Score:** 0.1693

📌 **파일**: REPORT-minute-00001-00178.json
🔹 **생성된 요약:** 김 위원이 교육복지특별법을 만들 필요가 있다고 보는지 묻자 이 교육과학기술부장관은 교육격차를 줄이는 것이 굉장히 중요하다고 말했다.
🔹 **정답 요약 (summary1):** 김 위원은 헌법 제31조제1항에 보면 모든 국민은 능력에 따라 균등하게 교육받을 권리를 갖고 있다고 규정하고 있다고 했다.  
🔹 **F1 Score:** 0.0429

📌 **파일**: REPORT-minute-00001-00183.json
🔹 **생성된 요약:** 정 위원은 학교폭력과 관련해서 가해학생에 대해서는 학생생활기록부에 기재한다 고등학교는 처음에 10년이었다가 나중에 5년으로 조정되었냐고 했고 이 교육과학기술부장관은 그렇다고 했다.
🔹 **정답 요약 (summary1):** 정 위원은 이 교육과학기술부 장관에게 학교폭력 가해학생의 학생생활기록부 기재가 5년으로 감축된 것이 우리 헌법 정신이나 유네스코의 협약 정신에 맞는다고 생각하는지 물었다.
🔹 **F1 Score:** 0.0720

📌 **파일**: REPORT-minute-00001-00190.json
🔹 **생성된 요약:** 이 교육과학기술부장관은 교과부에서 일하는 동안 최대한 중립적으로 일을 했다고 생각한다고 말했고 유 위원은 그렇게 받아들여지지 않는 것이 서글퍼서 정치적 중립 문제에 대해 지속적으로 말하겠다고 했다.
🔹 **정답 요약 (summary1):** 1998년 11월부터 일을 한 학교 조리종사원의 월급은 실수령액이 88만 원이다.
🔹 **F1 Score:** 0.0270

📌 **파일**: REPORT-minute-00001-00193.json
🔹 **생성된 요약:** 김 위원은 무상급식 관련 예산은 특성화고 장학금 지원사업 규모 1264억 원 규모를 일반회계 국고지원사업으로 예산 편성하는 것으로 확정하겠다고 했는데 꼭지는 무상급식 예산이라는 꼭지를 쓸 수 없다고 했다.
🔹 **정답 요약 (summary1):** 김 위원은 이 사안은 매년 있었던 일이기 때문에 장관도 잘 알 거라고 했고 처음으로 무상급식 예산 1264억을 편성했다고 했다.
🔹 **F1 Score:** 0.0842

📌 **파일**: REPORT-minute-00001-00194.json
🔹 **생성된 요약:** 이 교육과학기술부장관은 예산과 관련해서 18대 국회가 아니라고 해서 19대 국회가 새로 된다고 해서 꼼수를 부려도 되는 거냐고 김 위원에게 물었다.
🔹 **정답 요약 (summary1):** 김 위원은 사분위나 예산과 관련해서 19대 국회도 새로 된다고 해서 꼼수를 부려도 되는 거냐고 했다. 
🔹 **F1 Score:** 0.4024

📌 **파일**: REPORT-minute-00001-00195.json
🔹 **생성된 요약:** 김 위원은 교과부에서 무상급식 예산으로 1264억을 배정하도록 합의를 했는데 19대 국회에서 꼼수를 부리고 교과부에서는 예산집행을 엉터리로 하고 위원들에게는 허위 보고를 하는 것이 말이 되냐고 했다.
🔹 **정답 요약 (summary1):** 김 위원은 교과부에서는 무상급식을 부담스러워했기에 무상급식 예산으로 1246억을 배정해서 합의한 건데 19대 국회에 와서 꼼수를 부린다고 했다.
🔹 **F1 Score:** 0.1380

📌 **파일**: REPORT-minute-00001-00196.json
🔹 **생성된 요약:** 위원장 신 씨는 도 의원의 시에 관한 교과서 검정심의회의 삭제 권고와 철회 과정에 관한 지적이 있었고 재해대책비의 교육청 평가 인센티브 지급에 관한 교육청 간의 격차가 크다는 점 대학생 장학금 지급을 위한 소득분위 자료가 실태를 반영하지 못하여 학생들의 불만을 사고 있다는 지적도 있었다고 했다.
🔹 **정답 요약 (summary1):** 위원장 신 씨는 도 의원의 시에 대한 교과서 삭제 권고와 철회 과정에 관한 지적이 있었으며 이 부분은 여야 간사 회의를 통해 심의 위원 성명이 드러나지 않도록 하겠다고 했다.
🔹 **F1 Score:** 0.2830

📌 **파일**: REPORT-minute-00001-00200.json
🔹 **생성된 요약:** 유 위원은 비리사학 문제가 해결되지 않으면 대학교육의 질을 높이는 문제가 해결되기 어렵다는 점에서 여야나 정당 모든 것을 떠난 공통의 관심사라고 말했다.
🔹 **정답 요약 (summary1):** 유 위원은 비리사학 문제는 여야나 정당을 떠나 공통의 관심사이며 교육부 장관에 대한 일면 질타와 일면 호소도 있었다고 했다. 
🔹 **F1 Score:** 0.1123

📌 **파일**: REPORT-minute-00001-00204.json
🔹 **생성된 요약:** 김 위원이 이 정부가 들어서면서 교육인적자원부와 과학기술부가 통폐합된 가장 큰 이유를 묻자 김 국가과학기술위원장은 과학기술 R D를 수행하는 부처가 31개에 이르고 있다고 했다.
🔹 **정답 요약 (summary1):** 김 위원은 김 국가과학기술위원장에게 국가 차원의 과학기술위원회에서의 역할을 제대로 수행할 수 있는 사항이라고 판단하냐고 물었다.
🔹 **F1 Score:** 0.0375

📌 **파일**: REPORT-minute-00001-00209.json
🔹 **생성된 요약:** 정 위원은 차세대 원자로와 같은 경우 15년 동안 준비하면서 한 번도 기술영향평가를 실시하지 않았냐고 했고 국가과학기술위원장 김 씨는 SMART 말하는 것 같다고 했다.
🔹 **정답 요약 (summary1):** 정 위원이 기술영향평가를 몇 번이나 했냐고 묻자 김 국가과학기술위원장은 2003년부터 2010년까지 세 번쯤 했지만 2010년 이후에는 매년 하고 있다고 답했다.
🔹 **F1 Score:** 0.0444

📌 **파일**: REPORT-minute-00001-00216.json
🔹 **생성된 요약:** 국가과학기술위원장 김 씨는 대한민국이 갖추어야 할 큰 장비와 비싼 장비들을 조사해서 갖추어 가자는 것을 국가과학기술위원회에서 만든 것이라고 했다.
🔹 **정답 요약 (summary1):** 정부에서 만든 국가 대형 연구시설 구축지도안이 어떻게 활용되고 있는지 박 위원이 물으니 국가과학기술위원장 김 씨는 앞으로 계획에 대한 투자가 결정돼서 차근차근 가고 있다고 했다.
🔹 **F1 Score:** 0.1164

📌 **파일**: REPORT-minute-00001-00219.json
🔹 **생성된 요약:** 박 위원은 정부 R D의 특허이전율을 보면 사업비는 2.4 밖에 안 되는데 특허이전율은 1등이냐고 물었고 김 위원장은 좋은 성과를 내고 있다고 답했다.
🔹 **정답 요약 (summary1):** 광주는 정부의 R&D 사업의 2.4% 지원되고 있으며 특허 이전율은 1등이다. 
🔹 **F1 Score:** 0.0405

📌 **파일**: REPORT-minute-00001-00220.json
🔹 **생성된 요약:** 박 위원은 다목적 가속기 사업이 어떻게 되었냐고 했고 국가과학기술위원장 김 씨는 가속기는 전체적으로 지연되고 있다고 했다.
🔹 **정답 요약 (summary1):** 많은 지자체들이 과학기술 예산을 끌어오기 위해 경쟁하는 것은 과학기술이 경제 발전, 지역의 산업구조를 받쳐 줄 수 있는 재원이기 때문이라고 박 위원이 말했다.
🔹 **F1 Score:** 0.0244

📌 **파일**: REPORT-minute-00001-00227.json
🔹 **생성된 요약:** 박 위원이 박 후보나 김 지사의 정책적 판단 정부조직 개편이 필요하다는 것에 대해서 부정하냐고 묻자 김 국가과학기술위원장은 거기에 대해 언급을 안 하겠다고 했다.
🔹 **정답 요약 (summary1):** 정부의 과기부 통폐합 문제에 대해 여당 후보들도 잘못됐다고 평가하고 있는 것이 아니냐는 박 위원의 질문에 김 위원장은 좀 더 깊이 평가했으면 좋겠다고 했다.
🔹 **F1 Score:** 0.0630

📌 **파일**: REPORT-minute-00001-00228.json
🔹 **생성된 요약:** 박 위원은 위원장이 본인과 배우자 명의로 주식거래를 한 OCI사와 재임 전부터 주식을 보유해 온 나노스퀘어 2개 업체의 주식을 보유하고 있는지 물었다.
🔹 **정답 요약 (summary1):** 김 국가 과학기술 위원장은 본인과 배우자 명의로 주식거래를 한 OCI사와 나노스퀘어 업체의 주식을 보유하냐는 박 위원의 질문에 아니라고 답했다.
🔹 **F1 Score:** 0.3003

📌 **파일**: REPORT-minute-00001-00230.json
🔹 **생성된 요약:** 박 위원은 나노스퀘어가 선정 과정에서도 한참 아래 순위의 대면평가 결과를 받았는데 현장평가에서 6위를 받아 상식적으로 납득이 안 되는 결과를 갖고 있다고 했다.
🔹 **정답 요약 (summary1):** 박 위원은 위원장이 과거 교과부 초대 장관을 하다가 불명예 퇴진을 했는데 해당 학교의 특교 지원이나 공무원들의 방문 등으로 문제가 돼서 물러나지 않았냐고 했다.
🔹 **F1 Score:** 0.0648

📌 **파일**: REPORT-minute-00001-00232.json
🔹 **생성된 요약:** 이 위원은 이공계 전문가들 종사자들 또는 연구하고자 하는 사람들이 기피하는 현상이 있어 조직 통폐합 문제도 나오고 희망 프로젝트 얘기도 나오고 있지만 인력들을 어떻게 육성해서 훌륭한 인재들을 국내에서 이공계에서 육성해야 한다고 했다.
🔹 **정답 요약 (summary1):** 이공계 전문가들 종사자들 또는 연구자들이 해외로 많이 나가 들어오지 않지 않고 마땅한 자리가 없어 못 들어 온다는 얘기가 많다.
🔹 **F1 Score:** 0.1098

📌 **파일**: REPORT-minute-00001-00234.json
🔹 **생성된 요약:** 김 국가과학기술위원장은 이공계는 경쟁력이 없어 일찍 은퇴한다는 인식이 팽배해 있지만 고등학교에서 이공계 지원이 조금 늘었다고 했다.
🔹 **정답 요약 (summary1):** 국가과학기술위원장 김 씨는 고등학교에서 이공계 지원이 약간 늘었고 조금씩 개선되고 있다고 생각한다고 했다.
🔹 **F1 Score:** 0.1670

📌 **파일**: REPORT-minute-00001-00247.json
🔹 **생성된 요약:** 이 위원은 주요업무보고 보고서를 보면 18대 국회에 제출을 했는데 국회 회기 종료로 폐기가 됐다고 했다.
🔹 **정답 요약 (summary1):** 이 위원은 반대가 극심한데 법안을 다시 제출한 것에 대해 통과 의지를 갖고 내는 것인지 실적 때문에 내는 것인지 물었다.
🔹 **F1 Score:** 0.0564

📌 **파일**: REPORT-minute-00001-00252.json
🔹 **생성된 요약:** 김 위원은 우리나라 과학기술이 교육부와 합쳐져서 비중이 떨어지는 또 다른 측면에서 이야기하면 조금 홀대받는 것처럼 취급받아도 되는 것인지 물었다.
🔹 **정답 요약 (summary1):** 김 국가과학기술위원장은 교육과 과학기술을 교육과학기술부로 통합해서 일하는 나라가 많고 이것을 합치는 것은 의미가 있다고 했다.
🔹 **F1 Score:** 0.0278

📌 **파일**: REPORT-minute-00001-00253.json
🔹 **생성된 요약:** 김 위원이 과학기술기본법 제12조의2에 기획재정부장관은 특별한 경우를 제외하고는 위원회의 검토와 심의 결과를 반영해 다음 연도 예산을 편성해야 한다고 규정하고 있다고 하자 김 국가과학기술위원장은 예라고 했다.
🔹 **정답 요약 (summary1):** 장관급 상설 행정위원장이 예산편성권을 갖는다는 게 실제적으로 가능하냐는 김 위원의 말에 국가과학기술위원장 김 씨는 예산 배분ㆍ조정권은 자신들이 갖고 있다고 했다.
🔹 **F1 Score:** 0.0643

📌 **파일**: REPORT-minute-00001-00258.json
🔹 **생성된 요약:** 유 위원은 화학연구원 분원 전북지역 조직 문제가 왜 논의가 됐냐고 했고 국가과학기술위원장 김 씨는 예라고 했다.
🔹 **정답 요약 (summary1):** 유 위원은 지경부에서 요구가 없었던 예산을 국과위에서 세우는 것은 문제가 있다고 하여 상황이 급박하게 돌아가고 변화가 많이 있었다고 했다. 
🔹 **F1 Score:** 0.0961

📌 **파일**: REPORT-minute-00001-00261.json
🔹 **생성된 요약:** 유 위원은 국가과학기술위원회에 대해 심의 조정 능력이 부족하고 예산도 기재부와 협의해서 하게 되어 있으며 기술이전촉진법이나 지식재산 기본법은 타 부처가 관장해서 과학기술계획 수립 시에 중복과 혼선이 있다고 했다.
🔹 **정답 요약 (summary1):** 유 위원은 타 부처가 관장해 과학기술계획 수립 시 지식재산 기본법이나 기술이전촉진법이 중복과 혼선이 있지 않냐고 했다.
🔹 **F1 Score:** 0.1804

📌 **파일**: REPORT-minute-00001-00263.json
🔹 **생성된 요약:** 이 위원은 정부에서 과학벨트 기초과학연구를 집중 육성한다는 취지에 공감하면서 추진이 다음 정부에도 차질 없이 되려면 첫 출범시기에 과학벨트 기초과학연구를 집중 육성하는 것이 필요하다고 했다.
🔹 **정답 요약 (summary1):** 이 위원은 정부에서 말이 안 되는 법안을 제출하는 것은 사회적 비용과 국민 세금을 낭비하는 것이기 때문에 잘 생각하여 추진하기를 부탁했다.
🔹 **F1 Score:** 0.0781

📌 **파일**: REPORT-minute-00001-00275.json
🔹 **생성된 요약:** 김 위원이 아톰케어 시스템이 실질적인 원전 사고의 예방을 할 수 있는 시스템이 아니라고 하는 것이냐고 묻자 강 원자력안전위원장은 그런 말은 아니라고 했다.
🔹 **정답 요약 (summary1):** 원자력안전위원장 강 씨는 아톰케어 시스템을 통해 가동 중 원전에서 원전 사고를 24시간 실시간으로 감시·체크하고 있다고 했다.
🔹 **F1 Score:** 0.0757

📌 **파일**: REPORT-minute-00001-00277.json
🔹 **생성된 요약:** 김 위원은 고리원전 1호기 사건이 1개월간 누락된 부분이 국민들에게 많은 불신을 가져왔다고 말했다.
🔹 **정답 요약 (summary1):** 김 위원은 고리원전 1호기 사건이 한 달 동안 누락된 부분이 국민들의 많은 불신을 가져왔다고 말했다.
🔹 **F1 Score:** 0.5594

📌 **파일**: REPORT-minute-00001-00278.json
🔹 **생성된 요약:** 강 원자력안전위원장은 고리원전 사고는 인적 관리의 허점이 제일 큰 문제였기 때문에 용역회사를 철저하게 관리하는 체제를 도입했고 자격을 강화하고 체계적으로 관리할 수 있는 방안을 했다고 했다.
🔹 **정답 요약 (summary1):** 강 원자력안전위원장은 인적 관리 허점이 고리원전 사고의 가장 큰 문제였다며 용역회사의 자격을 강화하고 체계적으로 규제기관차원에서 인적 관리하는 방안을 마련했다.
🔹 **F1 Score:** 0.1764

📌 **파일**: REPORT-minute-00001-00299.json
🔹 **생성된 요약:** 원전산업의 확대에 대해 찬성하냐는 박 위원의 질문에 강 원자력안전위원장은 소임은 안전성만 확보하는 것이지 원전을 계속해야 된다 안 해야 된다는 것은 주어진 임무가 아니라고 답했다.
🔹 **정답 요약 (summary1):** 박 위원은 안정성과 관련해 고리원전 1호기 사고에 대해 총괄하는 수장으로서 책임이 있다고 생각하느냐 했고 원자력안전위원장 강 씨는 책임이 없다고 본다고 했다.
🔹 **F1 Score:** 0.0426

📌 **파일**: REPORT-minute-00001-00302.json
🔹 **생성된 요약:** 박 위원은 원안위에서 한수원에서 올린 조치계획에 대해 심사를 제대로 안 했다는 것이 아니냐고 했고 강 위원장은 사실 관계는 파악하라고 했다.
🔹 **정답 요약 (summary1):** 박 위원은 한수원이 월성 1호기 계속운전 인허가를 위해 시간이 충분히 필요한데 인허가 일정에 맞춰 후쿠시마 후속대책 조치계획을 무리하게 변경하고 있다고 말한다.
🔹 **F1 Score:** 0.0471

📌 **파일**: REPORT-minute-00001-00308.json
🔹 **생성된 요약:** 아톰케어 시스템을 점검했으면 블랙아웃된 것을 알 수 있었는데 다른 정보를 더 중요한 것을 하는 게 아니라고 우 위원이 말했다.
🔹 **정답 요약 (summary1):** 우 위원은 원전의 운영을 실시간 감시한다고 알려진 아톰케어 시스템의 자료가 너무 많아서 실시간 감시가 이뤄지지 않았다면 잘 몰랐다고 얘기했어야 한다며 원자력안전위원장을 비판했다.
🔹 **F1 Score:** 0.0349

📌 **파일**: REPORT-minute-00001-00318.json
🔹 **생성된 요약:** 유 위원이 임명 과정에서 여러 환경단체나 시민단체의 이의 제기가 있었던 것으로 알고 있다고 하자 강 원자력안전위원장은 잘 알고 있다고 했다.
🔹 **정답 요약 (summary1):** 유 위원은 원자력이용자단체라고 하는 해석이 있다며 원자력위원회가 원자력의 안전에 대해서 책임져야 하는 위치가 아니냐고 원자력안전위원장 강 씨에게 말했다.
🔹 **F1 Score:** 0.0375

📌 **파일**: REPORT-minute-00001-00320.json
🔹 **생성된 요약:** 원자력안전위원장 강 씨는 안전위원회가 독립적인 의사결정을 할 때 영향을 미칠까 봐 회의 결과와 안건은 항상 공개하고 있다고 했다.
🔹 **정답 요약 (summary1):** 유 위원은 회의 공개 원칙을 정하지 말았어야 한다면서 안건명과 심의 결과만 가지고 회의록이라고 말할 수 없다고 했다. 
🔹 **F1 Score:** 0.0548

📌 **파일**: REPORT-minute-00001-00323.json
🔹 **생성된 요약:** 정 위원이 경보 시스템 추가 설계 할 때 기술적으로 어려운 문제였냐고 묻자 박 한국원자력안전기술원장은 크게 어려운 문제는 아니었지만 여러 가지 파라미터를 다 써서 혼란을 유발하는 것을 피하려고 했다고 했다.
🔹 **정답 요약 (summary1):** 정 위원은 경보 시스템 추가 설계가 기술적으로 어려운 문제였냐고 했고 이에 한국원자력안전기술원장 박 씨는 어려운 문제는 아니었지만 혼란을 유발하는 걸 피하려고 한 거라고 했다.
🔹 **F1 Score:** 0.2503

📌 **파일**: REPORT-minute-00001-00334.json
🔹 **생성된 요약:** 원자력안전위원장 강 씨는 원자력 안전에 대한 신뢰성을 얻기 위해 다른 정부기관과 별도로 움직이고 있기 때문에 원전을 늘려야 된다 줄여야 된다는 의견을 줄 수 없다고 했다.
🔹 **정답 요약 (summary1):** 원자력안전위원장 강 씨는 자신의 임무가 원전을 건설하고 운영하는 과정에서 안전성이 확보되도록 관리하는 것이기에 원전을 늘려야 된다 줄여야 된다는 의견을 줄 수 없다고 했다.
🔹 **F1 Score:** 0.4646

📌 **파일**: REPORT-minute-00001-00336.json
🔹 **생성된 요약:** 이 위원은 우리나라는 구체적인 계획을 발표하지 않고 대통령이 나서서 원전 확대 정책만 말하는 것은 거꾸로 가고 있다고 생각한다고 말했다.
🔹 **정답 요약 (summary1):** 강 원자력안전위원장은 원자력발전소를 짓더라도 짓고 운영하는 과정에서 안정성을 확보하기 위해 최선을 다하고 있다고 했다.
🔹 **F1 Score:** 0.0286

📌 **파일**: REPORT-minute-00001-00346.json
🔹 **생성된 요약:** 유 위원은 원자력안전위원회가 국민들의 관심이나 기대에 못 미치게끔 입장 정립이 안 되어 있다고 했다.
🔹 **정답 요약 (summary1):** 유 위원은 유야무야로 넘어가려 하지 말고 국가기록원에서 지시가 오기 전에 먼저 요청하라고 하며 원자력안전위원회의 입장 정립이 국민 기대에 못 미친다고 말했다.
🔹 **F1 Score:** 0.1375

📌 **파일**: REPORT-minute-00001-00352.json
🔹 **생성된 요약:** 원자력안전위원장 강 씨는 기관이나 원자력안전기술원은 이것에 대해 책임을 못 느끼고 있다고 했고 유 위원은 더 이상 할 말이 없다고 했다.
🔹 **정답 요약 (summary1):** 강 원자력안전위원장은 파수를 섰지만 미흡하다고 하면 보완하겠다고 했으며 김 위원은 못 했으면 책임을 져야 한다고 했다.
🔹 **F1 Score:** 0.0928

📌 **파일**: REPORT-minute-00001-00355.json
🔹 **생성된 요약:** 정 위원은 11분간 통신장애가 이루어져서 데이터가 오지 않았다면 로그 파일과 통신장애의 원인에 대한 관련 자료를 달라고 했고 강 위원장은 정확하게 파악해서 보고하겠다고 했다.
🔹 **정답 요약 (summary1):** 정 위원은 11분간의 통신장애가 일어나기 전 한수원의 컴퓨터 로그 파일이 정상적으로 가동되고 있었는지와 통신장애의 원인을 확인하기 위해 관련 자료를 요청했다.
🔹 **F1 Score:** 0.1121

📌 **파일**: REPORT-minute-00001-00362.json
🔹 **생성된 요약:** 원자력안전위원회를 설치한 것은 안전성 문제에 관심이 많은 국민들과 전문가들의 오랜 염원이었다고 하는 것을 아냐고 김 위원이 묻자 강 위원장은 알고 있다고 했다.
🔹 **정답 요약 (summary1):** 김 위원은 원자력산업의 발전과 진흥을 위해 기여한 사람보다는 안전성 문제에 대해 관심을 가지고 활동하는 사람이 더 적합하다고 생각한다고 했다. 
🔹 **F1 Score:** 0.0825

📌 **파일**: REPORT-minute-00001-00375.json
🔹 **생성된 요약:** 원자력안전위원장 강 씨는 원자력의학원의 비상진료와 관련된 것은 위원회에서 다 주는 걸로 알고 있다고 했고 정 위원은 자체 예산에서 하는 걸로 확인해 보라고 했다.
🔹 **정답 요약 (summary1):** 정 위원이 후쿠시마 사고 이후에 서해안 지역에 근접해 있는 원자력발전소들이 많이 있다며 시스템 보완에 신경 좀 써 달라 했다.
🔹 **F1 Score:** 0.0460

📌 **파일**: REPORT-minute-00001-00380.json
🔹 **생성된 요약:** 강 원자력안전위원장은 월계동의 도로의 방사능 문제는 위원회가 생긴 지 얼마 안 됐을 때부터 시작했는데 나름대로 열심히 하려고 애를 썼는데 미비한 게 있으면 보완하겠다고 했다.
🔹 **정답 요약 (summary1):** 강 원자력안전위원장은 월계동 도로 방사능 문제가 재난이라고 생각하지 않고 현상을 유지해도 된다고 판단했다.
🔹 **F1 Score:** 0.0648

📌 **파일**: REPORT-minute-00001-00392.json
🔹 **생성된 요약:** 성 한국교육과정평가원장은 본인이 피로가 쌓이고 여러 가지 어려움이 있어 극구 사의를 표명했고 연구원에서는 선임연구원으로 남아 있어 보직 변동이 쉽지 않다고 했다.
🔹 **정답 요약 (summary1):** 한국교육과정평가원장 성 씨는 모든 사안이 종료되더라도 직제상 과제를 수행하기 때문에 보직 변동이라는게 쉽지 않다고 했다.
🔹 **F1 Score:** 0.1657

📌 **파일**: REPORT-minute-00001-00393.json
🔹 **생성된 요약:** 이 위원은 임명된 검정위원들이나 연구위원들이 특정 쪽에 편향되어 있지 않을까 이 두 가지 중의 하나로 보이는데 검정위원이나 연구위원에 대해서는 앞으로는 다양한 분야에서 객관적이고 투명하게 임명하겠다.
🔹 **정답 요약 (summary1):** 검정위원 개선방향에 대해 다양한 분야에서 투명하고 객관적으로 임명하겠다고 한 것이 제대로 안 되어 있던 것이냐고 했다.
🔹 **F1 Score:** 0.0471

📌 **파일**: REPORT-minute-00001-00397.json
🔹 **생성된 요약:** 정 위원은 도덕 교과서 검정과 관련한 기초조사와 관련된 회의 자료를 달라고 했고 성 한국교육과정평가원장은 심의위원들의 회의 내용이 규정이 없는 한 제출하는 것에 대해 적극 반대하고 있다고 했다.
🔹 **정답 요약 (summary1):** 성 한국교육과정평가원장은 심의 위원들이 정 위원이 말한대로 본인들에 대한 내용이 전혀 들어가 있지 않더라도 회의 내용이 규정이 없는 한 제출하는 것을 적극 반대하고 있다고 했다.
🔹 **F1 Score:** 0.3479

📌 **파일**: REPORT-minute-00001-00403.json
🔹 **생성된 요약:** 정 위원은 평가원의 회의록에 보면 5월 6일부터 9일까지 연구위원들이 합숙한 것으로 되어 있는데 기초심사 할 때 합숙을 해서 회의록에 나와 있는 내용을 결정했는지 물었다.
🔹 **정답 요약 (summary1):** 정 위원은 한국교육과학평가원장 성 씨에게 회의록을 요청했었고 성 씨는 보냈다고 알고 있지만 정 위원은 안 왔다고 했다.
🔹 **F1 Score:** 0.0471

📌 **파일**: REPORT-minute-00001-00405.json
🔹 **생성된 요약:** 정 위원이 정당인 배제를 결정한 것이 검정위원회인지 연구위원회인지 묻자 성 한국교육과학평가원장은 기초조사에도 논의가 됐었고 본심사에서 결정한 걸로 알고 있다고 답했다.
🔹 **정답 요약 (summary1):** 성 한국교육과학평가원장은 정당인 배제 결정에 대해 기초 조사에서 논의가 됐고 본심사에서 결정됐다고 했다.
🔹 **F1 Score:** 0.1009

📌 **파일**: REPORT-minute-00001-00406.json
🔹 **생성된 요약:** 김 위원이 검정심의회가 어떻게 운영이 돼야 되냐고 묻자 성 한국교육과학평가원장은 가능하면 교육에 중점을 두고 가치중립적이면서 정치 중립적으로 이루어져야 한다고 말했다.
🔹 **정답 요약 (summary1):** 위원장 신 씨는 시간이 넘어가서 본회의가 안 될 것 같으니 여야 간사한테 맡겨 주길 바란다고 말했다.
🔹 **F1 Score:** 0.0402

📌 **파일**: REPORT-minute-00001-00411.json
🔹 **생성된 요약:** 유 위원은 이 정부 집권 이후 역사교과서가 정권의 논리와 힘에 의해 내용이 바뀌고 변질되고 있다는 점을 지적하기 위한 것이라고 말했다.
🔹 **정답 요약 (summary1):** 유 의원은 역사 교과서가 정권에 관계없이 올바른 역사의식과 민주시민의식을 교육해야 하지만 변질되고 있다는 점을 지적했다.
🔹 **F1 Score:** 0.1113

📌 **파일**: REPORT-minute-00001-00415.json
🔹 **생성된 요약:** 박 위원은 예술작품을 평가하는 데 있어서 시대나 정파를 초월해야 하는 것 아니냐고 했고 한국교육과정평가원장 성 씨는 그래야 된다고 했다.
🔹 **정답 요약 (summary1):** 박 위원이 문화예술 작품을 시대와 정파를 초월해 평가하는 것이 문화 국가의 수준이냐고 묻자 성 씨는 그렇다고 말했다.
🔹 **F1 Score:** 0.0928

📌 **파일**: REPORT-minute-00001-00417.json
🔹 **생성된 요약:** 박 위원은 도 시인의 삭제 논란과 안 교수가 초등학교 1곳 중학교 6곳 고등학교 4곳에 그의 이름이 나온다고 하면서 논란을 일으키는 부정 출발이라고 하는 문제 제기를 하고 있다고 했다.
🔹 **정답 요약 (summary1):** 도 의원이 문 후보의 대변인 임명이 됐는데 담쟁이라고 하는 부분에 상징성을 염두에 두고 쓴 건지 박 위원이 물으니 한국교육과정평가원장 성 씨는 그런 것 같지 않다고 말했다.
🔹 **F1 Score:** 0.0357

📌 **파일**: REPORT-minute-00001-00422.json
🔹 **생성된 요약:** 한국교육과정평가원장 성 씨는 결재한 사항의 내용을 보지 않았냐는 현 위원의 질문에 세부적인 사항은 안 보는 게 맞다고 답했다.
🔹 **정답 요약 (summary1):** 한국교육과정평가원장 성 씨는 검정심의회의 의견에 존중한다 했고 현 위원이 모두를 존중하냐고 묻자 성 씨는 재적위원 3분의 2의 찬성으로 이루어졌기 때문에 존중한다 했다.
🔹 **F1 Score:** 0.0977

📌 **파일**: REPORT-minute-00001-00425.json
🔹 **생성된 요약:** 우 위원은 한국사 교과서 검정 심의위원 중에 한국 근현대사 전공자가 거의 없다고 했다. 근현대사는 사회적 논란이 많기 때문에 사회적으로 한발 한발 역사학자들이 정리해 가는데 평가원에서 심사위원들 검정위원들을 선정할 때 정치적 중립성을 지키자는 문제가 있다고 했다.
🔹 **정답 요약 (summary1):** 역사학자들이 5.16 군사정변이라며 교과서에 실었던 것이 없어지는데 한국사 교과서 검정 심의위원 중 한국 근현대사 전공자가 거의 없으며 6명 중 5명이 전공자가 아니다.
🔹 **F1 Score:** 0.1893

📌 **파일**: REPORT-minute-00001-00433.json
🔹 **생성된 요약:** 민 위원은 동북아역사재단 업무보고 내용 중 바른 역사 인식 확산을 위한 교육 및 홍보가 많은 일반인들에게 역사교육을 많이 해서 우리 역사를 바로 알 수 있도록 하는 노력을 하고 있는 것 같다고 했다.
🔹 **정답 요약 (summary1):** 민 위원은 동북아역사재단 업무보고 중 바른 역사 인식 확산을 위한 교육 및 홍보의 내용이 많은 일반인들에게 우리 역사를 바로 알 수 있도록 노력한 것 같다고 한다.
🔹 **F1 Score:** 0.5287

📌 **파일**: REPORT-minute-00001-00434.json
🔹 **생성된 요약:** 동북아역사재단이사장 정 씨는 초등학교 학생들까지 역사교육을 담당하기에는 역부족이지만 체험학습을 통해 역사와 직접 가까워지는 작업을 하고 있다고 했다.
🔹 **정답 요약 (summary1):** 민 위원은 아이들에게 역사교과서 대신 비디오나 만화로 접근하면 훨씬 적은 돈으로 더 많은 효과를 낼 수 있을 것 같아 제안 했다.
🔹 **F1 Score:** 0.0382

📌 **파일**: REPORT-minute-00001-00439.json
🔹 **생성된 요약:** 함 한국대학교육협의회장은 수도권 집중화로 지역 균형 발전이 어려운데 그런 체제가 된다면 지방대학도 활기를 찾고 지역이 활기를 찾는 계기가 되지 않겠냐고 했다.
🔹 **정답 요약 (summary1):** 위원장 유 씨는 대교협 함 회장이 4시에 이석한다고 했다.
🔹 **F1 Score:** 0.0635

📌 **파일**: REPORT-minute-00001-00442.json
🔹 **생성된 요약:** 함 한국대학교육협의회장은 입학사정관들이 이직을 해서 사교육에 가는 사례가 없지 않아 제도적으로 보완하고 방지하기 위해 대교협 차원에서 방지책을 보완하고 있다고 했다.
🔹 **정답 요약 (summary1):** 박 위원이 입학사정관제와 사교육비의 관계에 대해 묻자 함 한국대학교육협의회장은 방지책을 보완하겠다고 답했다.
🔹 **F1 Score:** 0.0744

📌 **파일**: REPORT-minute-00001-00455.json
🔹 **생성된 요약:** 박 위원은 산업계 관점 대학평가 횡령 사건에 대해 지적된 사항에 대해 빨리 회수를 못 하고 있는 상황이라고 했다.
🔹 **정답 요약 (summary1):** 박 위원은 산업계 관점 대학 평가 횡령 사건에 거의 사실상 2008년도 연구비 전액을 횡령했다고 했다. 
🔹 **F1 Score:** 0.2395

📌 **파일**: REPORT-minute-00001-00456.json
🔹 **생성된 요약:** 이 위원은 입학사정관과 교직원이 고의로든 모르고 하든지 간에 수험생과의 관계를 입력을 하지 않을 경우에 어떻게 하냐고 했다.
🔹 **정답 요약 (summary1):** 한국대학교육협의회장 함 씨는 회피 · 제척 시스템이 전형 과정에서 수험생과 관계가 있는 사정관을 뽑을 수 있다는 것에 대해 여러 제도를 마련하고 있다고 했다. 
🔹 **F1 Score:** 0.0363

📌 **파일**: REPORT-minute-00001-00466.json
🔹 **생성된 요약:** 현 위원은 대학 자율에 등록금을 맡겼을 때 학생들에게 불필요한 부담을 주지 않으면서 적정한 등록금을 책정할 수 있다고 생각하냐고 했고 한국대학교육협의회장 함 씨는 1 를 올리면 많은 등록금 인하 효과를 낼 수 있다고 했다.
🔹 **정답 요약 (summary1):** 현 위원은 유·초·중·고에 비하면 대학에 대한 지원이 많다고 생각하고 있으며 적립금을 학생들에게 투자해 부담을 낮추는 것이 필요하다고 했다. 
🔹 **F1 Score:** 0.0762

📌 **파일**: REPORT-minute-00001-00467.json
🔹 **생성된 요약:** 대학등록금 문제는 우리 사회 전체를 흔들고 있으며 사립대학들이 과도하게 등록금을 인상하고 적립금을 쌓아 두고 재단전입금은 하나도 없는 문제에 대해 국민적인 비판이 쏟아져 나왔다.
🔹 **정답 요약 (summary1):** 대학 등록금 문제는 사회 전체를 흔들고 있고 사립대학들의 등록금 인상 등의 문제에 대해 국민적인 비판이 나왔지만 대교협에선 아무런 대책이 없다.
🔹 **F1 Score:** 0.2075

📌 **파일**: REPORT-minute-00001-00468.json
🔹 **생성된 요약:** 김 위원이 기성회비 반환 문제에 대해 대교협에서 한 번이라도 회의를 한 적이 있냐고 하자 함 한국대학교육협의회장은 위원회를 통해 어떻게 할 것인지 얘기하고 있다고 했다.
🔹 **정답 요약 (summary1):** 김 위원은 경북대 총장에게 기성회비 문제를 어떻게 해결할 것인지 대교협의 의견이 있냐며 개인 의견이라도 이야기 해달라고 했다.
🔹 **F1 Score:** 0.0820

📌 **파일**: REPORT-minute-00001-00480.json
🔹 **생성된 요약:** 박 위원은 영어 스펠링이 틀린 것을 보면 못 참는데 우리나라 부산도 P와 B로 되는 일이 많아 통일이 되어야 검색을 할 때 문제가 된다고 했다.
🔹 **정답 요약 (summary1):** 박 위원은 한국 사람들은 이해를 해서 잘 찾아보지만 외국 사람들은 스펠링이 틀리면 업적이 검색이 안되어서 효과가 줄어들까 봐 걱정했다.
🔹 **F1 Score:** 0.0561

📌 **파일**: REPORT-minute-00001-00496.json
🔹 **생성된 요약:** 우 위원은 학자금 대출자 중 저소득층과 군복무자 생활곤란자에 감면해 주는 혜택들이 있는데 지원 배제 사유로 군복무자 이자 지원하는 경우에는 한 달 이상 연체자는 지원에서 배제돼 있다고 했다.
🔹 **정답 요약 (summary1):** 우 위원은 어려운 아이들을 도와주려고 만든 제도인데 까다로운 조건으로 도움도 못 받는 부분에 대해 개선이 필요하다고 했다.
🔹 **F1 Score:** 0.0662

📌 **파일**: REPORT-minute-00001-00497.json
🔹 **생성된 요약:** 이 위원은 대교협에서 회장 말고는 실무를 책임 맡으신 분이 있냐고 했고 강 한국대학교육협의회경영기획실장은 예라고 했다.
🔹 **정답 요약 (summary1):** 우 위원은 지원 배제 사유를 어떻게 정하는지는 정책을 운용할 때 잘 조정해야 하는데 신청한 사람들 중 28%밖에 혜택을 받지 못하는 것은 잘못됐다고 했다.
🔹 **F1 Score:** 0.0482

📌 **파일**: REPORT-minute-00001-00500.json
🔹 **생성된 요약:** 한국학중앙연구원장 정 씨는 한 학기에 강의가 없는 사람들이 한 학기에 3 4명이라고 했다.
🔹 **정답 요약 (summary1):** 이 위원은 KEDI에서 카이스트로 갔었으며 교수라고 타이틀이 돼 있지만 수업시수는 아무것도 없으나 월급이 나간 부분에 대해 일반 사람들은 이상하게 생각한다고 했다.
🔹 **F1 Score:** 0.0425

📌 **파일**: REPORT-minute-00001-00502.json
🔹 **생성된 요약:** 유 위원은 국가장학금을 신청한 총 인원이 165만 명에 가깝고 그중에서 실제 장학금을 지원받은 학생은 83만 5000명으로 50.6 지급률이라고 알고 있다고 했다.
🔹 **정답 요약 (summary1):** 유 위원은 국가장학금 제도를 도입했지만 비싼 등록금 부담을 경감할 수 있는 실질적 효과는 갖지 못하니 반값등록금으로 등록금을 낮추는 것이 우선적으로 해야 되는 일이라고 생각한다.
🔹 **F1 Score:** 0.0430

📌 **파일**: REPORT-minute-00001-00505.json
🔹 **생성된 요약:** 유 위원은 한국장학재단에서도 대학생 주거 문제 해결을 위해 기숙사 사업을 할 수 있는 것으로 알고 있냐고 했고 이 한국장학재단이사장은 맞다고 했다.
🔹 **정답 요약 (summary1):** 한국장학재단이사장 이 씨는 대학생 주거 문제를 해결하기 위해 재단법을 개정하여 국공유지를 양여하겠다고 했다.
🔹 **F1 Score:** 0.1127

📌 **파일**: REPORT-minute-00001-00523.json
🔹 **생성된 요약:** 유 위원은 동북아역사재단이 중국 측이 언급한 장성에 대해 일반적인 장성만을 뜻하는 것이 아니라고 서둘러서 언급한 적이 있는지 묻자 정 동북아역사재단이사장은 예라고 답했다.
🔹 **정답 요약 (summary1):** 유 위원은 투철하지 못한 역사의식 때문에 말하기가 어려운 상황 같으면 차라리 입을 다물고 있는 게 맞다고 했다.
🔹 **F1 Score:** 0.0494

📌 **파일**: REPORT-minute-00001-00524.json
🔹 **생성된 요약:** 유 위원이 외교관 출신들은 동북아역사재단에 받지 말아야 된다고 생각하는데 왜 외교부의 자료 확보 차원으로 동북아역사재단이 활용이 되는 것이냐고 묻자 정 동북아역사재단이사장은 70 정도는 상대국과의 교섭의 문제가 있다고 했다.
🔹 **정답 요약 (summary1):** 유 위원은 외교관으로서 능력 있는 사람들을 동북아재단에 두는 것이 현실적이라 했고 동북아역사재단이사장 정 씨는 그런 측면도 있다고 했다.
🔹 **F1 Score:** 0.0852

📌 **파일**: REPORT-minute-00001-00532.json
🔹 **생성된 요약:** 김 위원은 생활이 어려운 학생들에 대한 장학금에 대해 여러 가지 신청을 해도 탈락되는 경우가 많이 있기 때문에 성적 기준을 조금 더 완화시켜 줄 필요가 있다고 말했다.
🔹 **정답 요약 (summary1):** 김 위원은 국가장학금제도 도입에 대한 문제점들을 보완해서 제도가 잘 정착될 수 있도록 연구가 있어야 한다고 말했다.
🔹 **F1 Score:** 0.0806

📌 **파일**: REPORT-minute-00001-00533.json
🔹 **생성된 요약:** 이 한국장학재단이사장은 저소득 학생 신청자 중 B학점 이상이 84.8 나 돼 최소한의 학업성취도도 무시하고 전체 줘야 되는지 아니면 그걸 감안해야 되는지 고민을 같이 해 보겠다고 했다.
🔹 **정답 요약 (summary1):** 김 위원은 스마트 교육 부분을 역점적으로 교과부에서 추진하고 있는 것에 대해 발전적으로 나가야될 사항인 것은 동감하지만 사회적으로 역기능도 발생될 수 있다고 했다.
🔹 **F1 Score:** 0.0304

📌 **파일**: REPORT-minute-00001-00544.json
🔹 **생성된 요약:** 정 동북아역사재단이사장은 우리나라의 역사는 공간적으로 한반도가 주무대가 아니며 몽골 과학아카데미와 MOU가 체결돼 있고 투르크스탄을 비롯한 스탄 나라들과도 MOU가 체결돼 있어 역사 연구의 공간을 상당히 확대하고 있다고 했다.
🔹 **정답 요약 (summary1):** 실상을 따져 보면 자신들의 재단이 중국보다 한발 앞서 연구를 하고 조사를 축적해왔다고 정 씨가 말했다.
🔹 **F1 Score:** 0.0227

📌 **파일**: REPORT-minute-00001-00547.json
🔹 **생성된 요약:** 변 사립학교교직원연금공단이사장은 직원들이 내부 정보를 이용하거나 다른 부서 사람들이 컴퓨터로 거래한 것은 맞지만 수치가 많다든지 금액이 많다든지 하는 것은 21개월인가 23개월 동안의 누적 횟수고 과장된 측면이 없지 않아 있다고 했다.
🔹 **정답 요약 (summary1):** 주식거래, 채권거래, 금융투자를 담당하는 부서 사람들이 아닌 다른 부서 사람들이 근무 시간 중에 거래 한 것이다.
🔹 **F1 Score:** 0.0717

📌 **파일**: REPORT-minute-00001-00548.json
🔹 **생성된 요약:** 변 사립학교교직원연금공단이사장은 포트폴리오 계획에 따르면 주식 부문에 25 정도를 생각하고 있었는데 21 정도밖에 유지를 안 하고 있다고 말했다.
🔹 **정답 요약 (summary1):** 포트폴리오 계획에 따라 변 사립학교교직원연금공단이사장은 주식 부문에서 21%를 유지하여 적은 기준보다 적은 손해를 보고 있다고 말했다.
🔹 **F1 Score:** 0.1887

🚀 **총 100개 파일의 평균 F1 Score: 0.1261**
